Using pre-set license
Built from '2020.3/staging' branch; Version is '2020.3.6f1 (338bb68529b2) revision 3378102'; Using compiler version '192528614'; Build Type 'Release'
OS: 'Windows 10 Pro; OS build 19042.1165; Version 2009; 64bit' Language: 'en' Physical Memory: 8088 MB
BatchMode: 1, IsHumanControllingUs: 0, StartBugReporterOnCrash: 0, Is64bit: 1, IsPro: 0

 COMMAND LINE ARGUMENTS:
C:\Program Files\Unity\Hub\Editor\2020.3.6f1\Editor\Unity.exe
-adb2
-batchMode
-noUpm
-name
AssetImportWorker0
-projectPath
E:/SSD Github Projects/Crenix-Engrenagens
-logFile
Logs/AssetImportWorker0.log
-srvPort
61884
Successfully changed project path to: E:/SSD Github Projects/Crenix-Engrenagens
E:/SSD Github Projects/Crenix-Engrenagens
Using Asset Import Pipeline V2.
Refreshing native plugins compatible for Editor in 49.52 ms, found 1 plugins.
Preloading 0 native plugins for Editor in 0.00 ms.
Initialize engine version: 2020.3.6f1 (338bb68529b2)
[Subsystems] Discovering subsystems at path C:/Program Files/Unity/Hub/Editor/2020.3.6f1/Editor/Data/Resources/UnitySubsystems
[Subsystems] Discovering subsystems at path E:/SSD Github Projects/Crenix-Engrenagens/Assets
GfxDevice: creating device client; threaded=0
Direct3D:
    Version:  Direct3D 11.0 [level 11.1]
    Renderer: Radeon(TM) RX 460 Graphics (ID=0x67ef)
    Vendor:   
    VRAM:     4075 MB
    Driver:   27.20.12031.1000
Initialize mono
Mono path[0] = 'C:/Program Files/Unity/Hub/Editor/2020.3.6f1/Editor/Data/Managed'
Mono path[1] = 'C:/Program Files/Unity/Hub/Editor/2020.3.6f1/Editor/Data/MonoBleedingEdge/lib/mono/unityjit'
Mono config path = 'C:/Program Files/Unity/Hub/Editor/2020.3.6f1/Editor/Data/MonoBleedingEdge/etc'
Using monoOptions --debugger-agent=transport=dt_socket,embedding=1,server=y,suspend=n,address=127.0.0.1:56684
Begin MonoManager ReloadAssembly
Registering precompiled unity dll's ...
Register platform support module: C:/Program Files/Unity/Hub/Editor/2020.3.6f1/Editor/Data/PlaybackEngines/WebGLSupport/UnityEditor.WebGL.Extensions.dll
Register platform support module: C:/Program Files/Unity/Hub/Editor/2020.3.6f1/Editor/Data/PlaybackEngines/WindowsStandaloneSupport/UnityEditor.WindowsStandalone.Extensions.dll
Registered in 0.003117 seconds.
Native extension for WindowsStandalone target not found
Native extension for WebGL target not found
Refreshing native plugins compatible for Editor in 48.37 ms, found 1 plugins.
Preloading 0 native plugins for Editor in 0.00 ms.
Mono: successfully reloaded assembly
- Completed reload, in  2.927 seconds
Platform modules already initialized, skipping
Registering precompiled user dll's ...
Registered in 0.002535 seconds.
Begin MonoManager ReloadAssembly
Native extension for WindowsStandalone target not found
Native extension for WebGL target not found
Refreshing native plugins compatible for Editor in 47.74 ms, found 1 plugins.
Preloading 0 native plugins for Editor in 0.00 ms.
Mono: successfully reloaded assembly
- Completed reload, in  1.348 seconds
Platform modules already initialized, skipping
========================================================================
Worker process is ready to serve import requests
Launched and connected shader compiler UnityShaderCompiler.exe after 0.05 seconds
Refreshing native plugins compatible for Editor in 0.56 ms, found 1 plugins.
Preloading 0 native plugins for Editor in 0.00 ms.
Unloading 1997 Unused Serialized files (Serialized files now loaded: 0)
System memory in use before: 93.2 MB.
System memory in use after: 93.1 MB.

Unloading 27 unused Assets to reduce memory usage. Loaded Objects now: 2442.
Total: 2.891400 ms (FindLiveObjects: 0.198600 ms CreateObjectMapping: 0.091400 ms MarkObjects: 2.425000 ms  DeleteObjects: 0.174900 ms)

========================================================================
Received Import Request.
  path: Assets/_src/Prefabs/Gear.prefab
  artifactKey: Guid(fe485d9a7b1d6764684628375b5ade3f) Importer(815301076,1909f56bfc062723c751e8b465ee728b)
Start importing Assets/_src/Prefabs/Gear.prefab using Guid(fe485d9a7b1d6764684628375b5ade3f) Importer(815301076,1909f56bfc062723c751e8b465ee728b)  -> (artifact id: 'e848cd21cc4876ec94509c7ce40d8b02') in 0.263272 seconds
  Import took 0.269346 seconds .

========================================================================
Received Import Request.
  Time since last request: 169.115959 seconds.
  path: Assets/_src/Scripts/UIElementMover.cs
  artifactKey: Guid(1a285ccbfa5415c4da8fd87e79395aa0) Importer(815301076,1909f56bfc062723c751e8b465ee728b)
Start importing Assets/_src/Scripts/UIElementMover.cs using Guid(1a285ccbfa5415c4da8fd87e79395aa0) Importer(815301076,1909f56bfc062723c751e8b465ee728b)  -> (artifact id: 'd06f87dc2a03332cbe30f82033e5e8b9') in 0.144420 seconds
  Import took 0.150701 seconds .

========================================================================
Received Prepare
Registering precompiled user dll's ...
Registered in 0.003716 seconds.
Begin MonoManager ReloadAssembly
Native extension for WindowsStandalone target not found
Native extension for WebGL target not found
Refreshing native plugins compatible for Editor in 0.47 ms, found 1 plugins.
Preloading 0 native plugins for Editor in 0.00 ms.
Mono: successfully reloaded assembly
- Completed reload, in  1.427 seconds
Platform modules already initialized, skipping
Refreshing native plugins compatible for Editor in 0.44 ms, found 1 plugins.
Preloading 0 native plugins for Editor in 0.00 ms.
Unloading 1978 Unused Serialized files (Serialized files now loaded: 0)
System memory in use before: 91.8 MB.
System memory in use after: 91.8 MB.

Unloading 15 unused Assets to reduce memory usage. Loaded Objects now: 2447.
Total: 2.652200 ms (FindLiveObjects: 0.197000 ms CreateObjectMapping: 0.083800 ms MarkObjects: 2.249500 ms  DeleteObjects: 0.120500 ms)

========================================================================
Received Prepare
Registering precompiled user dll's ...
Registered in 0.002667 seconds.
Begin MonoManager ReloadAssembly
Native extension for WindowsStandalone target not found
Native extension for WebGL target not found
Refreshing native plugins compatible for Editor in 0.43 ms, found 1 plugins.
Preloading 0 native plugins for Editor in 0.00 ms.
Mono: successfully reloaded assembly
- Completed reload, in  1.180 seconds
Platform modules already initialized, skipping
Refreshing native plugins compatible for Editor in 0.51 ms, found 1 plugins.
Preloading 0 native plugins for Editor in 0.00 ms.
Unloading 1978 Unused Serialized files (Serialized files now loaded: 0)
System memory in use before: 91.8 MB.
System memory in use after: 91.8 MB.

Unloading 15 unused Assets to reduce memory usage. Loaded Objects now: 2451.
Total: 2.985300 ms (FindLiveObjects: 0.260500 ms CreateObjectMapping: 0.169300 ms MarkObjects: 2.429800 ms  DeleteObjects: 0.124300 ms)

========================================================================
Received Import Request.
  Time since last request: 406.097569 seconds.
  path: Assets/_src/Scripts/UIElementMover.cs
  artifactKey: Guid(1a285ccbfa5415c4da8fd87e79395aa0) Importer(815301076,1909f56bfc062723c751e8b465ee728b)
Start importing Assets/_src/Scripts/UIElementMover.cs using Guid(1a285ccbfa5415c4da8fd87e79395aa0) Importer(815301076,1909f56bfc062723c751e8b465ee728b)  -> (artifact id: '1e0aad880d09c813dceebc0a07ca991a') in 0.006153 seconds
  Import took 0.018814 seconds .

========================================================================
Received Import Request.
  Time since last request: 4.200941 seconds.
  path: Assets/_src/Scripts/UIElementDragger.cs
  artifactKey: Guid(1a285ccbfa5415c4da8fd87e79395aa0) Importer(815301076,1909f56bfc062723c751e8b465ee728b)
Start importing Assets/_src/Scripts/UIElementDragger.cs using Guid(1a285ccbfa5415c4da8fd87e79395aa0) Importer(815301076,1909f56bfc062723c751e8b465ee728b)  -> (artifact id: '3059da17cf5a06fb15ee74017490434a') in 0.026459 seconds
  Import took 0.032622 seconds .

========================================================================
Received Prepare
Registering precompiled user dll's ...
Registered in 0.002641 seconds.
Begin MonoManager ReloadAssembly
Native extension for WindowsStandalone target not found
Native extension for WebGL target not found
Refreshing native plugins compatible for Editor in 0.45 ms, found 1 plugins.
Preloading 0 native plugins for Editor in 0.00 ms.
Mono: successfully reloaded assembly
- Completed reload, in  1.151 seconds
Platform modules already initialized, skipping
Refreshing native plugins compatible for Editor in 0.50 ms, found 1 plugins.
Preloading 0 native plugins for Editor in 0.00 ms.
Unloading 1978 Unused Serialized files (Serialized files now loaded: 0)
System memory in use before: 91.8 MB.
System memory in use after: 91.8 MB.

Unloading 15 unused Assets to reduce memory usage. Loaded Objects now: 2455.
Total: 2.714100 ms (FindLiveObjects: 0.248600 ms CreateObjectMapping: 0.151900 ms MarkObjects: 2.176900 ms  DeleteObjects: 0.135600 ms)

========================================================================
Received Prepare
Registering precompiled user dll's ...
Registered in 0.002868 seconds.
Begin MonoManager ReloadAssembly
Native extension for WindowsStandalone target not found
Native extension for WebGL target not found
Refreshing native plugins compatible for Editor in 0.65 ms, found 1 plugins.
Preloading 0 native plugins for Editor in 0.00 ms.
Mono: successfully reloaded assembly
- Completed reload, in  1.350 seconds
Platform modules already initialized, skipping
Refreshing native plugins compatible for Editor in 0.44 ms, found 1 plugins.
Preloading 0 native plugins for Editor in 0.00 ms.
Unloading 1977 Unused Serialized files (Serialized files now loaded: 0)
System memory in use before: 91.8 MB.
System memory in use after: 91.8 MB.

Unloading 16 unused Assets to reduce memory usage. Loaded Objects now: 2458.
Total: 2.547300 ms (FindLiveObjects: 0.199700 ms CreateObjectMapping: 0.082200 ms MarkObjects: 2.101200 ms  DeleteObjects: 0.163000 ms)

========================================================================
Received Import Request.
  Time since last request: 298.426194 seconds.
  path: Assets/_src/Scripts/InventoryItem.cs
  artifactKey: Guid(4ce064cdc0b167d4181bd88c44ab46b2) Importer(815301076,1909f56bfc062723c751e8b465ee728b)
Start importing Assets/_src/Scripts/InventoryItem.cs using Guid(4ce064cdc0b167d4181bd88c44ab46b2) Importer(815301076,1909f56bfc062723c751e8b465ee728b)  -> (artifact id: '78ae20832e931b160c248b56f1708837') in 0.022256 seconds
  Import took 0.030038 seconds .

========================================================================
Received Prepare
Registering precompiled user dll's ...
Registered in 0.002560 seconds.
Begin MonoManager ReloadAssembly
Native extension for WindowsStandalone target not found
Native extension for WebGL target not found
Refreshing native plugins compatible for Editor in 0.51 ms, found 1 plugins.
Preloading 0 native plugins for Editor in 0.00 ms.
Mono: successfully reloaded assembly
- Completed reload, in  1.123 seconds
Platform modules already initialized, skipping
Refreshing native plugins compatible for Editor in 0.44 ms, found 1 plugins.
Preloading 0 native plugins for Editor in 0.00 ms.
Unloading 1978 Unused Serialized files (Serialized files now loaded: 0)
System memory in use before: 91.9 MB.
System memory in use after: 91.8 MB.

Unloading 15 unused Assets to reduce memory usage. Loaded Objects now: 2463.
Total: 3.003600 ms (FindLiveObjects: 0.267500 ms CreateObjectMapping: 0.164600 ms MarkObjects: 2.401900 ms  DeleteObjects: 0.168000 ms)

========================================================================
Received Prepare
Registering precompiled user dll's ...
Registered in 0.003290 seconds.
Begin MonoManager ReloadAssembly
Native extension for WindowsStandalone target not found
Native extension for WebGL target not found
Refreshing native plugins compatible for Editor in 0.47 ms, found 1 plugins.
Preloading 0 native plugins for Editor in 0.00 ms.
Mono: successfully reloaded assembly
- Completed reload, in  1.595 seconds
Platform modules already initialized, skipping
Refreshing native plugins compatible for Editor in 0.60 ms, found 1 plugins.
Preloading 0 native plugins for Editor in 0.00 ms.
Unloading 1978 Unused Serialized files (Serialized files now loaded: 0)
System memory in use before: 91.9 MB.
System memory in use after: 91.9 MB.

Unloading 15 unused Assets to reduce memory usage. Loaded Objects now: 2467.
Total: 3.677400 ms (FindLiveObjects: 0.351600 ms CreateObjectMapping: 0.226200 ms MarkObjects: 2.940900 ms  DeleteObjects: 0.156600 ms)

========================================================================
Received Import Request.
  Time since last request: 182.192448 seconds.
  path: Assets/_src/Scripts/InventoryItem.cs
  artifactKey: Guid(4ce064cdc0b167d4181bd88c44ab46b2) Importer(815301076,1909f56bfc062723c751e8b465ee728b)
Start importing Assets/_src/Scripts/InventoryItem.cs using Guid(4ce064cdc0b167d4181bd88c44ab46b2) Importer(815301076,1909f56bfc062723c751e8b465ee728b)  -> (artifact id: 'fdffeffd95b9c7511e4d23230fbee790') in 0.006443 seconds
  Import took 0.019892 seconds .

========================================================================
Received Prepare
Registering precompiled user dll's ...
Registered in 0.002403 seconds.
Begin MonoManager ReloadAssembly
Native extension for WindowsStandalone target not found
Native extension for WebGL target not found
Refreshing native plugins compatible for Editor in 0.65 ms, found 1 plugins.
Preloading 0 native plugins for Editor in 0.00 ms.
Mono: successfully reloaded assembly
- Completed reload, in  1.655 seconds
Platform modules already initialized, skipping
Refreshing native plugins compatible for Editor in 0.44 ms, found 1 plugins.
Preloading 0 native plugins for Editor in 0.00 ms.
Unloading 1978 Unused Serialized files (Serialized files now loaded: 0)
System memory in use before: 91.9 MB.
System memory in use after: 91.9 MB.

Unloading 15 unused Assets to reduce memory usage. Loaded Objects now: 2471.
Total: 3.270200 ms (FindLiveObjects: 0.257200 ms CreateObjectMapping: 0.165500 ms MarkObjects: 2.687100 ms  DeleteObjects: 0.159200 ms)

========================================================================
Received Prepare
Registering precompiled user dll's ...
Registered in 0.003579 seconds.
Begin MonoManager ReloadAssembly
Native extension for WindowsStandalone target not found
Native extension for WebGL target not found
Refreshing native plugins compatible for Editor in 0.49 ms, found 1 plugins.
Preloading 0 native plugins for Editor in 0.00 ms.
Mono: successfully reloaded assembly
- Completed reload, in  1.299 seconds
Platform modules already initialized, skipping
Refreshing native plugins compatible for Editor in 0.51 ms, found 1 plugins.
Preloading 0 native plugins for Editor in 0.00 ms.
Unloading 1978 Unused Serialized files (Serialized files now loaded: 0)
System memory in use before: 91.9 MB.
System memory in use after: 91.9 MB.

Unloading 15 unused Assets to reduce memory usage. Loaded Objects now: 2475.
Total: 3.094000 ms (FindLiveObjects: 0.262000 ms CreateObjectMapping: 0.161500 ms MarkObjects: 2.198900 ms  DeleteObjects: 0.470200 ms)

========================================================================
Received Import Request.
  Time since last request: 716.724299 seconds.
  path: Assets/_src/Scripts/InventoryItem.cs
  artifactKey: Guid(4ce064cdc0b167d4181bd88c44ab46b2) Importer(815301076,1909f56bfc062723c751e8b465ee728b)
Start importing Assets/_src/Scripts/InventoryItem.cs using Guid(4ce064cdc0b167d4181bd88c44ab46b2) Importer(815301076,1909f56bfc062723c751e8b465ee728b)  -> (artifact id: '460f934a0719bae9a510b179bee2bfd7') in 0.027288 seconds
  Import took 0.032466 seconds .

========================================================================
Received Import Request.
  Time since last request: 37.372843 seconds.
  path: Assets/_src/Scripts/UI
  artifactKey: Guid(509c9bc89f1a70349affe1e26edd3f95) Importer(815301076,1909f56bfc062723c751e8b465ee728b)
Start importing Assets/_src/Scripts/UI using Guid(509c9bc89f1a70349affe1e26edd3f95) Importer(815301076,1909f56bfc062723c751e8b465ee728b)  -> (artifact id: '83d81bc969e944cf8ea536344cac332c') in 0.009565 seconds
  Import took 0.015550 seconds .

========================================================================
Received Prepare
Registering precompiled user dll's ...
Registered in 0.002407 seconds.
Begin MonoManager ReloadAssembly
Native extension for WindowsStandalone target not found
Native extension for WebGL target not found
Refreshing native plugins compatible for Editor in 0.95 ms, found 1 plugins.
Preloading 0 native plugins for Editor in 0.00 ms.
Mono: successfully reloaded assembly
- Completed reload, in  1.635 seconds
Platform modules already initialized, skipping
Refreshing native plugins compatible for Editor in 0.49 ms, found 1 plugins.
Preloading 0 native plugins for Editor in 0.00 ms.
Unloading 1978 Unused Serialized files (Serialized files now loaded: 0)
System memory in use before: 91.9 MB.
System memory in use after: 91.9 MB.

Unloading 15 unused Assets to reduce memory usage. Loaded Objects now: 2479.
Total: 2.712400 ms (FindLiveObjects: 0.249300 ms CreateObjectMapping: 0.149000 ms MarkObjects: 2.170900 ms  DeleteObjects: 0.141900 ms)

========================================================================
Received Import Request.
  Time since last request: 2633.424122 seconds.
  path: Assets/_src/Scripts/UI/GearSlot.cs
  artifactKey: Guid(944ac2d7fd0b8d246a83f6bed61e978b) Importer(815301076,1909f56bfc062723c751e8b465ee728b)
Start importing Assets/_src/Scripts/UI/GearSlot.cs using Guid(944ac2d7fd0b8d246a83f6bed61e978b) Importer(815301076,1909f56bfc062723c751e8b465ee728b)  -> (artifact id: '6c68966aa4c35207230d0ab90f6aabaa') in 0.390643 seconds
  Import took 0.401392 seconds .

========================================================================
Received Prepare
Registering precompiled user dll's ...
Registered in 0.004530 seconds.
Begin MonoManager ReloadAssembly
Native extension for WindowsStandalone target not found
Native extension for WebGL target not found
Refreshing native plugins compatible for Editor in 0.65 ms, found 1 plugins.
Preloading 0 native plugins for Editor in 0.00 ms.
Mono: successfully reloaded assembly
- Completed reload, in  1.282 seconds
Platform modules already initialized, skipping
Refreshing native plugins compatible for Editor in 0.61 ms, found 1 plugins.
Preloading 0 native plugins for Editor in 0.00 ms.
Unloading 1979 Unused Serialized files (Serialized files now loaded: 0)
System memory in use before: 91.9 MB.
System memory in use after: 91.9 MB.

Unloading 15 unused Assets to reduce memory usage. Loaded Objects now: 2484.
Total: 77.402300 ms (FindLiveObjects: 0.795700 ms CreateObjectMapping: 0.273600 ms MarkObjects: 75.793800 ms  DeleteObjects: 0.527500 ms)

========================================================================
Received Prepare
Registering precompiled user dll's ...
Registered in 0.003770 seconds.
Begin MonoManager ReloadAssembly
Native extension for WindowsStandalone target not found
Native extension for WebGL target not found
Refreshing native plugins compatible for Editor in 0.53 ms, found 1 plugins.
Preloading 0 native plugins for Editor in 0.00 ms.
Mono: successfully reloaded assembly
- Completed reload, in  1.485 seconds
Platform modules already initialized, skipping
Refreshing native plugins compatible for Editor in 0.44 ms, found 1 plugins.
Preloading 0 native plugins for Editor in 0.00 ms.
Unloading 1979 Unused Serialized files (Serialized files now loaded: 0)
System memory in use before: 91.9 MB.
System memory in use after: 91.9 MB.

Unloading 15 unused Assets to reduce memory usage. Loaded Objects now: 2488.
Total: 2.852000 ms (FindLiveObjects: 0.265000 ms CreateObjectMapping: 0.165400 ms MarkObjects: 2.272600 ms  DeleteObjects: 0.147200 ms)

========================================================================
Received Import Request.
  Time since last request: 77.810452 seconds.
  path: Assets/_src/Scripts/UI/GearSlot.cs
  artifactKey: Guid(944ac2d7fd0b8d246a83f6bed61e978b) Importer(815301076,1909f56bfc062723c751e8b465ee728b)
Start importing Assets/_src/Scripts/UI/GearSlot.cs using Guid(944ac2d7fd0b8d246a83f6bed61e978b) Importer(815301076,1909f56bfc062723c751e8b465ee728b)  -> (artifact id: '9c0e5b90b25c4125f734b0e2dd6396dd') in 0.007097 seconds
  Import took 0.011825 seconds .

========================================================================
Received Prepare
Registering precompiled user dll's ...
Registered in 0.003763 seconds.
Begin MonoManager ReloadAssembly
Native extension for WindowsStandalone target not found
Native extension for WebGL target not found
Refreshing native plugins compatible for Editor in 0.46 ms, found 1 plugins.
Preloading 0 native plugins for Editor in 0.00 ms.
Mono: successfully reloaded assembly
- Completed reload, in  1.599 seconds
Platform modules already initialized, skipping
Refreshing native plugins compatible for Editor in 0.45 ms, found 1 plugins.
Preloading 0 native plugins for Editor in 0.00 ms.
Unloading 1979 Unused Serialized files (Serialized files now loaded: 0)
System memory in use before: 92.0 MB.
System memory in use after: 91.9 MB.

Unloading 15 unused Assets to reduce memory usage. Loaded Objects now: 2492.
Total: 3.186300 ms (FindLiveObjects: 0.320700 ms CreateObjectMapping: 0.198300 ms MarkObjects: 2.533500 ms  DeleteObjects: 0.132500 ms)

========================================================================
Received Import Request.
  Time since last request: 506.089356 seconds.
  path: Assets/_src/Prefabs/Gear.prefab
  artifactKey: Guid(fe485d9a7b1d6764684628375b5ade3f) Importer(815301076,1909f56bfc062723c751e8b465ee728b)
Start importing Assets/_src/Prefabs/Gear.prefab using Guid(fe485d9a7b1d6764684628375b5ade3f) Importer(815301076,1909f56bfc062723c751e8b465ee728b)  -> (artifact id: 'bca76fb66df47d7ec3a548715f0f4ccb') in 0.076907 seconds
  Import took 0.083223 seconds .

========================================================================
Received Import Request.
  Time since last request: 2.392452 seconds.
  path: Assets/_src/Prefabs/Gear Slot.prefab
  artifactKey: Guid(2dcfffe4efc15404a94f43c69376ed43) Importer(815301076,1909f56bfc062723c751e8b465ee728b)
Start importing Assets/_src/Prefabs/Gear Slot.prefab using Guid(2dcfffe4efc15404a94f43c69376ed43) Importer(815301076,1909f56bfc062723c751e8b465ee728b)  -> (artifact id: 'cc33209ba788f2dad7874b9fa4bbba9b') in 0.646393 seconds
  Import took 0.652563 seconds .

========================================================================
Received Prepare
Registering precompiled user dll's ...
Registered in 0.002633 seconds.
Begin MonoManager ReloadAssembly
Native extension for WindowsStandalone target not found
Native extension for WebGL target not found
Refreshing native plugins compatible for Editor in 0.62 ms, found 1 plugins.
Preloading 0 native plugins for Editor in 0.00 ms.
Mono: successfully reloaded assembly
- Completed reload, in  1.524 seconds
Platform modules already initialized, skipping
Refreshing native plugins compatible for Editor in 0.68 ms, found 1 plugins.
Preloading 0 native plugins for Editor in 0.00 ms.
Unloading 1979 Unused Serialized files (Serialized files now loaded: 0)
System memory in use before: 94.9 MB.
System memory in use after: 94.9 MB.

Unloading 15 unused Assets to reduce memory usage. Loaded Objects now: 2503.
Total: 3.165600 ms (FindLiveObjects: 0.322500 ms CreateObjectMapping: 0.190900 ms MarkObjects: 2.492100 ms  DeleteObjects: 0.158100 ms)

========================================================================
Received Prepare
Registering precompiled user dll's ...
Registered in 0.014106 seconds.
Begin MonoManager ReloadAssembly
Native extension for WindowsStandalone target not found
Native extension for WebGL target not found
Refreshing native plugins compatible for Editor in 0.43 ms, found 1 plugins.
Preloading 0 native plugins for Editor in 0.00 ms.
Mono: successfully reloaded assembly
- Completed reload, in  1.299 seconds
Platform modules already initialized, skipping
Refreshing native plugins compatible for Editor in 0.61 ms, found 1 plugins.
Preloading 0 native plugins for Editor in 0.00 ms.
Unloading 1979 Unused Serialized files (Serialized files now loaded: 0)
System memory in use before: 94.9 MB.
System memory in use after: 94.9 MB.

Unloading 15 unused Assets to reduce memory usage. Loaded Objects now: 2507.
Total: 2.411100 ms (FindLiveObjects: 0.202800 ms CreateObjectMapping: 0.083000 ms MarkObjects: 1.969200 ms  DeleteObjects: 0.155000 ms)

