Using pre-set license
Built from '2020.3/staging' branch; Version is '2020.3.6f1 (338bb68529b2) revision 3378102'; Using compiler version '192528614'; Build Type 'Release'
OS: 'Windows 10 Pro; OS build 19042.1165; Version 2009; 64bit' Language: 'en' Physical Memory: 8088 MB
BatchMode: 1, IsHumanControllingUs: 0, StartBugReporterOnCrash: 0, Is64bit: 1, IsPro: 0

 COMMAND LINE ARGUMENTS:
C:\Program Files\Unity\Hub\Editor\2020.3.6f1\Editor\Unity.exe
-adb2
-batchMode
-noUpm
-name
AssetImportWorker6
-projectPath
E:/SSD Github Projects/Crenix-Engrenagens
-logFile
Logs/AssetImportWorker6.log
-srvPort
56906
Successfully changed project path to: E:/SSD Github Projects/Crenix-Engrenagens
E:/SSD Github Projects/Crenix-Engrenagens
Using Asset Import Pipeline V2.
Refreshing native plugins compatible for Editor in 59.49 ms, found 1 plugins.
Preloading 0 native plugins for Editor in 0.00 ms.
Initialize engine version: 2020.3.6f1 (338bb68529b2)
[Subsystems] Discovering subsystems at path C:/Program Files/Unity/Hub/Editor/2020.3.6f1/Editor/Data/Resources/UnitySubsystems
[Subsystems] Discovering subsystems at path E:/SSD Github Projects/Crenix-Engrenagens/Assets
GfxDevice: creating device client; threaded=0
Direct3D:
    Version:  Direct3D 11.0 [level 11.1]
    Renderer: Radeon(TM) RX 460 Graphics (ID=0x67ef)
    Vendor:   
    VRAM:     4075 MB
    Driver:   27.20.12031.1000
Initialize mono
Mono path[0] = 'C:/Program Files/Unity/Hub/Editor/2020.3.6f1/Editor/Data/Managed'
Mono path[1] = 'C:/Program Files/Unity/Hub/Editor/2020.3.6f1/Editor/Data/MonoBleedingEdge/lib/mono/unityjit'
Mono config path = 'C:/Program Files/Unity/Hub/Editor/2020.3.6f1/Editor/Data/MonoBleedingEdge/etc'
Using monoOptions --debugger-agent=transport=dt_socket,embedding=1,server=y,suspend=n,address=127.0.0.1:56176
Begin MonoManager ReloadAssembly
Registering precompiled unity dll's ...
Register platform support module: C:/Program Files/Unity/Hub/Editor/2020.3.6f1/Editor/Data/PlaybackEngines/WebGLSupport/UnityEditor.WebGL.Extensions.dll
Register platform support module: C:/Program Files/Unity/Hub/Editor/2020.3.6f1/Editor/Data/PlaybackEngines/WindowsStandaloneSupport/UnityEditor.WindowsStandalone.Extensions.dll
Registered in 0.002545 seconds.
Native extension for WindowsStandalone target not found
Native extension for WebGL target not found
Refreshing native plugins compatible for Editor in 52.75 ms, found 1 plugins.
Preloading 0 native plugins for Editor in 0.00 ms.
Mono: successfully reloaded assembly
- Completed reload, in  2.555 seconds
Platform modules already initialized, skipping
Registering precompiled user dll's ...
Registered in 0.002534 seconds.
Begin MonoManager ReloadAssembly
Native extension for WindowsStandalone target not found
Native extension for WebGL target not found
Refreshing native plugins compatible for Editor in 50.36 ms, found 1 plugins.
Preloading 0 native plugins for Editor in 0.00 ms.
Mono: successfully reloaded assembly
- Completed reload, in  1.239 seconds
Platform modules already initialized, skipping
========================================================================
Worker process is ready to serve import requests
Launched and connected shader compiler UnityShaderCompiler.exe after 0.11 seconds
Refreshing native plugins compatible for Editor in 0.48 ms, found 1 plugins.
Preloading 0 native plugins for Editor in 0.00 ms.
Unloading 2005 Unused Serialized files (Serialized files now loaded: 0)
System memory in use before: 93.4 MB.
System memory in use after: 93.3 MB.

Unloading 27 unused Assets to reduce memory usage. Loaded Objects now: 2451.
Total: 3.265900 ms (FindLiveObjects: 0.213700 ms CreateObjectMapping: 0.104300 ms MarkObjects: 2.729800 ms  DeleteObjects: 0.216600 ms)

========================================================================
Received Import Request.
  path: Assets/_src/ScriptableObjects/Gear.asset
  artifactKey: Guid(c5bc16cfccad19141be489bfb2df15d0) Importer(815301076,1909f56bfc062723c751e8b465ee728b)
Start importing Assets/_src/ScriptableObjects/Gear.asset using Guid(c5bc16cfccad19141be489bfb2df15d0) Importer(815301076,1909f56bfc062723c751e8b465ee728b)  -> (artifact id: 'da5dc2e344c460fdd1847292d894ad0b') in 0.246285 seconds
  Import took 0.260917 seconds .

========================================================================
Received Import Request.
  Time since last request: 37.446883 seconds.
  path: Assets/_src/Prefabs/Item Template.prefab
  artifactKey: Guid(fe485d9a7b1d6764684628375b5ade3f) Importer(815301076,1909f56bfc062723c751e8b465ee728b)
Start importing Assets/_src/Prefabs/Item Template.prefab using Guid(fe485d9a7b1d6764684628375b5ade3f) Importer(815301076,1909f56bfc062723c751e8b465ee728b)  -> (artifact id: '6116f595ea487e460b4a12b85f50355f') in 0.046358 seconds
  Import took 0.052015 seconds .

========================================================================
Received Prepare
Registering precompiled user dll's ...
Registered in 0.002441 seconds.
Begin MonoManager ReloadAssembly
Native extension for WindowsStandalone target not found
Native extension for WebGL target not found
Refreshing native plugins compatible for Editor in 0.49 ms, found 1 plugins.
Preloading 0 native plugins for Editor in 0.00 ms.
Mono: successfully reloaded assembly
- Completed reload, in  1.272 seconds
Platform modules already initialized, skipping
Refreshing native plugins compatible for Editor in 0.53 ms, found 1 plugins.
Preloading 0 native plugins for Editor in 0.00 ms.
Unloading 1985 Unused Serialized files (Serialized files now loaded: 0)
System memory in use before: 92.0 MB.
System memory in use after: 91.9 MB.

Unloading 15 unused Assets to reduce memory usage. Loaded Objects now: 2455.
Total: 2.585700 ms (FindLiveObjects: 0.205600 ms CreateObjectMapping: 0.086100 ms MarkObjects: 2.158300 ms  DeleteObjects: 0.134400 ms)

========================================================================
Received Prepare
Registering precompiled user dll's ...
Registered in 0.002526 seconds.
Begin MonoManager ReloadAssembly
Native extension for WindowsStandalone target not found
Native extension for WebGL target not found
Refreshing native plugins compatible for Editor in 0.47 ms, found 1 plugins.
Preloading 0 native plugins for Editor in 0.00 ms.
Mono: successfully reloaded assembly
- Completed reload, in  1.101 seconds
Platform modules already initialized, skipping
Refreshing native plugins compatible for Editor in 0.58 ms, found 1 plugins.
Preloading 0 native plugins for Editor in 0.00 ms.
Unloading 1985 Unused Serialized files (Serialized files now loaded: 0)
System memory in use before: 92.0 MB.
System memory in use after: 92.0 MB.

Unloading 15 unused Assets to reduce memory usage. Loaded Objects now: 2459.
Total: 4.468900 ms (FindLiveObjects: 0.293800 ms CreateObjectMapping: 0.227600 ms MarkObjects: 3.814300 ms  DeleteObjects: 0.131400 ms)

========================================================================
Received Import Request.
  Time since last request: 135.722396 seconds.
  path: Assets/_src/ScriptableObjects/Gear 1.asset
  artifactKey: Guid(0a5f8fbe3b2db6e4898e28e22f81155e) Importer(815301076,1909f56bfc062723c751e8b465ee728b)
Start importing Assets/_src/ScriptableObjects/Gear 1.asset using Guid(0a5f8fbe3b2db6e4898e28e22f81155e) Importer(815301076,1909f56bfc062723c751e8b465ee728b)  -> (artifact id: '5a18b7e07beda6c8903b78b04cd722e0') in 0.027372 seconds
  Import took 0.032909 seconds .

========================================================================
Received Import Request.
  Time since last request: 0.000335 seconds.
  path: Assets/_src/ScriptableObjects/Gear.asset
  artifactKey: Guid(c5bc16cfccad19141be489bfb2df15d0) Importer(815301076,1909f56bfc062723c751e8b465ee728b)
Start importing Assets/_src/ScriptableObjects/Gear.asset using Guid(c5bc16cfccad19141be489bfb2df15d0) Importer(815301076,1909f56bfc062723c751e8b465ee728b)  -> (artifact id: '0f2e500a4ff4638ebf7597d9f72d6fc0') in 0.006218 seconds
  Import took 0.012395 seconds .

========================================================================
Received Import Request.
  Time since last request: 6.915905 seconds.
  path: Assets/_src/ScriptableObjects/Gear 2.asset
  artifactKey: Guid(4f20a3dc9ac0eac488285276499fe49a) Importer(815301076,1909f56bfc062723c751e8b465ee728b)
Start importing Assets/_src/ScriptableObjects/Gear 2.asset using Guid(4f20a3dc9ac0eac488285276499fe49a) Importer(815301076,1909f56bfc062723c751e8b465ee728b)  -> (artifact id: '307a8acbc57ffee43e6ee91c83822123') in 0.011752 seconds
  Import took 0.019543 seconds .

========================================================================
Received Import Request.
  Time since last request: 0.006914 seconds.
  path: Assets/_src/ScriptableObjects/Gear 1.asset
  artifactKey: Guid(0a5f8fbe3b2db6e4898e28e22f81155e) Importer(815301076,1909f56bfc062723c751e8b465ee728b)
Start importing Assets/_src/ScriptableObjects/Gear 1.asset using Guid(0a5f8fbe3b2db6e4898e28e22f81155e) Importer(815301076,1909f56bfc062723c751e8b465ee728b)  -> (artifact id: '66906a51fc2e8ce111bcf30b532d0f45') in 0.003648 seconds
  Import took 0.008892 seconds .

========================================================================
Received Import Request.
  Time since last request: 5.529510 seconds.
  path: Assets/_src/ScriptableObjects/Gear 3.asset
  artifactKey: Guid(5b4baa82ecd80684da93115c80f82842) Importer(815301076,1909f56bfc062723c751e8b465ee728b)
Start importing Assets/_src/ScriptableObjects/Gear 3.asset using Guid(5b4baa82ecd80684da93115c80f82842) Importer(815301076,1909f56bfc062723c751e8b465ee728b)  -> (artifact id: '6331c10d7f3096f918b3900e3c78893d') in 0.013273 seconds
  Import took 0.019116 seconds .

========================================================================
Received Import Request.
  Time since last request: 0.007516 seconds.
  path: Assets/_src/ScriptableObjects/Gear 2.asset
  artifactKey: Guid(4f20a3dc9ac0eac488285276499fe49a) Importer(815301076,1909f56bfc062723c751e8b465ee728b)
Start importing Assets/_src/ScriptableObjects/Gear 2.asset using Guid(4f20a3dc9ac0eac488285276499fe49a) Importer(815301076,1909f56bfc062723c751e8b465ee728b)  -> (artifact id: '64efa272e827f47baa66e44a56c7be7b') in 0.009302 seconds
  Import took 0.015161 seconds .

========================================================================
Received Import Request.
  Time since last request: 7.179781 seconds.
  path: Assets/_src/ScriptableObjects/Gear 4.asset
  artifactKey: Guid(098c964231fe4fb478ee843711f8fd79) Importer(815301076,1909f56bfc062723c751e8b465ee728b)
Start importing Assets/_src/ScriptableObjects/Gear 4.asset using Guid(098c964231fe4fb478ee843711f8fd79) Importer(815301076,1909f56bfc062723c751e8b465ee728b)  -> (artifact id: '8e9b4ae66319e991cfbba7f2b80372d0') in 0.010348 seconds
  Import took 0.016069 seconds .

========================================================================
Received Import Request.
  Time since last request: 0.011525 seconds.
  path: Assets/_src/ScriptableObjects/Gear 3.asset
  artifactKey: Guid(5b4baa82ecd80684da93115c80f82842) Importer(815301076,1909f56bfc062723c751e8b465ee728b)
Start importing Assets/_src/ScriptableObjects/Gear 3.asset using Guid(5b4baa82ecd80684da93115c80f82842) Importer(815301076,1909f56bfc062723c751e8b465ee728b)  -> (artifact id: 'b11fe992b43d7adf6d1f5da0e72006c5') in 0.003740 seconds
  Import took 0.009260 seconds .

========================================================================
Received Import Request.
  Time since last request: 18.361894 seconds.
  path: Assets/_src/ScriptableObjects/Gear 4.asset
  artifactKey: Guid(098c964231fe4fb478ee843711f8fd79) Importer(815301076,1909f56bfc062723c751e8b465ee728b)
Start importing Assets/_src/ScriptableObjects/Gear 4.asset using Guid(098c964231fe4fb478ee843711f8fd79) Importer(815301076,1909f56bfc062723c751e8b465ee728b)  -> (artifact id: '6b3a1877307318715b5eb4ee0ecc32e7') in 0.003290 seconds
  Import took 0.008127 seconds .

========================================================================
Received Prepare
Registering precompiled user dll's ...
Registered in 0.002417 seconds.
Begin MonoManager ReloadAssembly
Native extension for WindowsStandalone target not found
Native extension for WebGL target not found
Refreshing native plugins compatible for Editor in 0.58 ms, found 1 plugins.
Preloading 0 native plugins for Editor in 0.00 ms.
Mono: successfully reloaded assembly
- Completed reload, in  1.126 seconds
Platform modules already initialized, skipping
Refreshing native plugins compatible for Editor in 0.51 ms, found 1 plugins.
Preloading 0 native plugins for Editor in 0.00 ms.
Unloading 1985 Unused Serialized files (Serialized files now loaded: 0)
System memory in use before: 92.0 MB.
System memory in use after: 92.0 MB.

Unloading 15 unused Assets to reduce memory usage. Loaded Objects now: 2463.
Total: 2.652300 ms (FindLiveObjects: 0.201000 ms CreateObjectMapping: 0.086500 ms MarkObjects: 2.216700 ms  DeleteObjects: 0.146800 ms)

========================================================================
Received Prepare
Registering precompiled user dll's ...
Registered in 0.002412 seconds.
Begin MonoManager ReloadAssembly
Native extension for WindowsStandalone target not found
Native extension for WebGL target not found
Refreshing native plugins compatible for Editor in 0.65 ms, found 1 plugins.
Preloading 0 native plugins for Editor in 0.00 ms.
Mono: successfully reloaded assembly
- Completed reload, in  1.127 seconds
Platform modules already initialized, skipping
Refreshing native plugins compatible for Editor in 0.44 ms, found 1 plugins.
Preloading 0 native plugins for Editor in 0.00 ms.
Unloading 1985 Unused Serialized files (Serialized files now loaded: 0)
System memory in use before: 92.0 MB.
System memory in use after: 92.0 MB.

Unloading 15 unused Assets to reduce memory usage. Loaded Objects now: 2467.
Total: 2.761500 ms (FindLiveObjects: 0.259000 ms CreateObjectMapping: 0.167800 ms MarkObjects: 2.182700 ms  DeleteObjects: 0.150700 ms)

========================================================================
Received Prepare
Registering precompiled user dll's ...
Registered in 0.002959 seconds.
Begin MonoManager ReloadAssembly
Native extension for WindowsStandalone target not found
Native extension for WebGL target not found
Refreshing native plugins compatible for Editor in 0.47 ms, found 1 plugins.
Preloading 0 native plugins for Editor in 0.00 ms.
Mono: successfully reloaded assembly
- Completed reload, in  1.190 seconds
Platform modules already initialized, skipping
Refreshing native plugins compatible for Editor in 0.43 ms, found 1 plugins.
Preloading 0 native plugins for Editor in 0.00 ms.
Unloading 1985 Unused Serialized files (Serialized files now loaded: 0)
System memory in use before: 92.1 MB.
System memory in use after: 92.0 MB.

Unloading 15 unused Assets to reduce memory usage. Loaded Objects now: 2471.
Total: 2.411800 ms (FindLiveObjects: 0.197100 ms CreateObjectMapping: 0.081800 ms MarkObjects: 1.983400 ms  DeleteObjects: 0.148300 ms)

========================================================================
Received Prepare
Registering precompiled user dll's ...
Registered in 0.002614 seconds.
Begin MonoManager ReloadAssembly
Native extension for WindowsStandalone target not found
Native extension for WebGL target not found
Refreshing native plugins compatible for Editor in 0.93 ms, found 1 plugins.
Preloading 0 native plugins for Editor in 0.00 ms.
Mono: successfully reloaded assembly
- Completed reload, in  1.423 seconds
Platform modules already initialized, skipping
Refreshing native plugins compatible for Editor in 0.44 ms, found 1 plugins.
Preloading 0 native plugins for Editor in 0.00 ms.
Unloading 1985 Unused Serialized files (Serialized files now loaded: 0)
System memory in use before: 92.1 MB.
System memory in use after: 92.0 MB.

Unloading 15 unused Assets to reduce memory usage. Loaded Objects now: 2475.
Total: 2.744600 ms (FindLiveObjects: 0.229600 ms CreateObjectMapping: 0.093000 ms MarkObjects: 2.291200 ms  DeleteObjects: 0.129300 ms)

========================================================================
Received Prepare
Registering precompiled user dll's ...
Registered in 0.002326 seconds.
Begin MonoManager ReloadAssembly
Native extension for WindowsStandalone target not found
Native extension for WebGL target not found
Refreshing native plugins compatible for Editor in 0.65 ms, found 1 plugins.
Preloading 0 native plugins for Editor in 0.00 ms.
Mono: successfully reloaded assembly
- Completed reload, in  1.265 seconds
Platform modules already initialized, skipping
Refreshing native plugins compatible for Editor in 0.42 ms, found 1 plugins.
Preloading 0 native plugins for Editor in 0.00 ms.
Unloading 1985 Unused Serialized files (Serialized files now loaded: 0)
System memory in use before: 92.1 MB.
System memory in use after: 92.1 MB.

Unloading 15 unused Assets to reduce memory usage. Loaded Objects now: 2479.
Total: 2.983200 ms (FindLiveObjects: 0.268100 ms CreateObjectMapping: 0.167600 ms MarkObjects: 2.232900 ms  DeleteObjects: 0.313000 ms)

========================================================================
Received Prepare
Registering precompiled user dll's ...
Registered in 0.002618 seconds.
Begin MonoManager ReloadAssembly
Native extension for WindowsStandalone target not found
Native extension for WebGL target not found
Refreshing native plugins compatible for Editor in 0.44 ms, found 1 plugins.
Preloading 0 native plugins for Editor in 0.00 ms.
Mono: successfully reloaded assembly
- Completed reload, in  1.751 seconds
Platform modules already initialized, skipping
Refreshing native plugins compatible for Editor in 0.54 ms, found 1 plugins.
Preloading 0 native plugins for Editor in 0.00 ms.
Unloading 1985 Unused Serialized files (Serialized files now loaded: 0)
System memory in use before: 92.1 MB.
System memory in use after: 92.1 MB.

Unloading 15 unused Assets to reduce memory usage. Loaded Objects now: 2483.
Total: 3.606500 ms (FindLiveObjects: 0.245300 ms CreateObjectMapping: 0.197200 ms MarkObjects: 3.015500 ms  DeleteObjects: 0.147200 ms)

========================================================================
Received Prepare
Registering precompiled user dll's ...
Registered in 0.002455 seconds.
Begin MonoManager ReloadAssembly
Native extension for WindowsStandalone target not found
Native extension for WebGL target not found
Refreshing native plugins compatible for Editor in 0.56 ms, found 1 plugins.
Preloading 0 native plugins for Editor in 0.00 ms.
Mono: successfully reloaded assembly
- Completed reload, in  1.119 seconds
Platform modules already initialized, skipping
Refreshing native plugins compatible for Editor in 0.43 ms, found 1 plugins.
Preloading 0 native plugins for Editor in 0.00 ms.
Unloading 1985 Unused Serialized files (Serialized files now loaded: 0)
System memory in use before: 92.1 MB.
System memory in use after: 92.1 MB.

Unloading 15 unused Assets to reduce memory usage. Loaded Objects now: 2487.
Total: 2.704900 ms (FindLiveObjects: 0.300700 ms CreateObjectMapping: 0.103400 ms MarkObjects: 2.139500 ms  DeleteObjects: 0.159900 ms)

========================================================================
Received Prepare
Registering precompiled user dll's ...
Registered in 0.002401 seconds.
Begin MonoManager ReloadAssembly
Native extension for WindowsStandalone target not found
Native extension for WebGL target not found
Refreshing native plugins compatible for Editor in 0.60 ms, found 1 plugins.
Preloading 0 native plugins for Editor in 0.00 ms.
Mono: successfully reloaded assembly
- Completed reload, in  1.110 seconds
Platform modules already initialized, skipping
Refreshing native plugins compatible for Editor in 0.42 ms, found 1 plugins.
Preloading 0 native plugins for Editor in 0.00 ms.
Unloading 1985 Unused Serialized files (Serialized files now loaded: 0)
System memory in use before: 92.1 MB.
System memory in use after: 92.1 MB.

Unloading 15 unused Assets to reduce memory usage. Loaded Objects now: 2491.
Total: 2.565600 ms (FindLiveObjects: 0.259600 ms CreateObjectMapping: 0.158900 ms MarkObjects: 2.026400 ms  DeleteObjects: 0.119900 ms)

========================================================================
Received Prepare
Registering precompiled user dll's ...
Registered in 0.002622 seconds.
Begin MonoManager ReloadAssembly
Native extension for WindowsStandalone target not found
Native extension for WebGL target not found
Refreshing native plugins compatible for Editor in 0.44 ms, found 1 plugins.
Preloading 0 native plugins for Editor in 0.00 ms.
Mono: successfully reloaded assembly
- Completed reload, in  1.178 seconds
Platform modules already initialized, skipping
Refreshing native plugins compatible for Editor in 0.51 ms, found 1 plugins.
Preloading 0 native plugins for Editor in 0.00 ms.
Unloading 1985 Unused Serialized files (Serialized files now loaded: 0)
System memory in use before: 92.1 MB.
System memory in use after: 92.1 MB.

Unloading 15 unused Assets to reduce memory usage. Loaded Objects now: 2495.
Total: 2.580900 ms (FindLiveObjects: 0.206300 ms CreateObjectMapping: 0.084700 ms MarkObjects: 2.101300 ms  DeleteObjects: 0.187300 ms)

========================================================================
Received Import Request.
  Time since last request: 2573.255141 seconds.
  path: Assets/_src/Scripts/Inventory/InventorySlot.cs
  artifactKey: Guid(0f234183b0d311d498e85aa215478cfd) Importer(815301076,1909f56bfc062723c751e8b465ee728b)
Start importing Assets/_src/Scripts/Inventory/InventorySlot.cs using Guid(0f234183b0d311d498e85aa215478cfd) Importer(815301076,1909f56bfc062723c751e8b465ee728b)  -> (artifact id: '117dd05016b6ae1c064b9aef1a02b6c3') in 0.125690 seconds
  Import took 0.138554 seconds .

========================================================================
Received Import Request.
  Time since last request: 2.624078 seconds.
  path: Assets/_src/Scripts/UI/InventoryUI.cs
  artifactKey: Guid(0747dc092ddc4f442812aa382b815db8) Importer(815301076,1909f56bfc062723c751e8b465ee728b)
Start importing Assets/_src/Scripts/UI/InventoryUI.cs using Guid(0747dc092ddc4f442812aa382b815db8) Importer(815301076,1909f56bfc062723c751e8b465ee728b)  -> (artifact id: '1cb4c20dc4b86e0bc8a933c692a5b274') in 0.112504 seconds
  Import took 0.117067 seconds .

========================================================================
Received Import Request.
  Time since last request: 0.267549 seconds.
  path: Assets/_src/Scripts/UI/ItemMovement.cs
  artifactKey: Guid(4ce064cdc0b167d4181bd88c44ab46b2) Importer(815301076,1909f56bfc062723c751e8b465ee728b)
Start importing Assets/_src/Scripts/UI/ItemMovement.cs using Guid(4ce064cdc0b167d4181bd88c44ab46b2) Importer(815301076,1909f56bfc062723c751e8b465ee728b)  -> (artifact id: '73e23e48db41276926bd217b62f4c23f') in 0.008327 seconds
  Import took 0.012496 seconds .

========================================================================
Received Prepare
Registering precompiled user dll's ...
Registered in 0.005522 seconds.
Begin MonoManager ReloadAssembly
Native extension for WindowsStandalone target not found
Native extension for WebGL target not found
Refreshing native plugins compatible for Editor in 0.47 ms, found 1 plugins.
Preloading 0 native plugins for Editor in 0.00 ms.
Mono: successfully reloaded assembly
- Completed reload, in  1.387 seconds
Platform modules already initialized, skipping
Refreshing native plugins compatible for Editor in 0.43 ms, found 1 plugins.
Preloading 0 native plugins for Editor in 0.00 ms.
Unloading 1985 Unused Serialized files (Serialized files now loaded: 0)
System memory in use before: 92.1 MB.
System memory in use after: 92.1 MB.

Unloading 15 unused Assets to reduce memory usage. Loaded Objects now: 2499.
Total: 2.476600 ms (FindLiveObjects: 0.206100 ms CreateObjectMapping: 0.095800 ms MarkObjects: 2.042600 ms  DeleteObjects: 0.130800 ms)

========================================================================
Received Import Request.
  Time since last request: 148.474783 seconds.
  path: Assets/_src/Scripts/UI/ItemMovement.cs
  artifactKey: Guid(4ce064cdc0b167d4181bd88c44ab46b2) Importer(815301076,1909f56bfc062723c751e8b465ee728b)
Start importing Assets/_src/Scripts/UI/ItemMovement.cs using Guid(4ce064cdc0b167d4181bd88c44ab46b2) Importer(815301076,1909f56bfc062723c751e8b465ee728b)  -> (artifact id: '62c9ddd4ac5989119a21879c4bd55288') in 0.005988 seconds
  Import took 0.010055 seconds .

========================================================================
Received Prepare
Registering precompiled user dll's ...
Registered in 0.002372 seconds.
Begin MonoManager ReloadAssembly
Native extension for WindowsStandalone target not found
Native extension for WebGL target not found
Refreshing native plugins compatible for Editor in 0.56 ms, found 1 plugins.
Preloading 0 native plugins for Editor in 0.00 ms.
Mono: successfully reloaded assembly
- Completed reload, in  1.137 seconds
Platform modules already initialized, skipping
Refreshing native plugins compatible for Editor in 0.67 ms, found 1 plugins.
Preloading 0 native plugins for Editor in 0.00 ms.
Unloading 1985 Unused Serialized files (Serialized files now loaded: 0)
System memory in use before: 92.1 MB.
System memory in use after: 92.1 MB.

Unloading 15 unused Assets to reduce memory usage. Loaded Objects now: 2503.
Total: 2.508500 ms (FindLiveObjects: 0.265700 ms CreateObjectMapping: 0.147700 ms MarkObjects: 1.944100 ms  DeleteObjects: 0.149500 ms)

========================================================================
Received Import Request.
  Time since last request: 175.805766 seconds.
  path: Assets/_src/Scripts/UI/ItemMovement.cs
  artifactKey: Guid(4ce064cdc0b167d4181bd88c44ab46b2) Importer(815301076,1909f56bfc062723c751e8b465ee728b)
Start importing Assets/_src/Scripts/UI/ItemMovement.cs using Guid(4ce064cdc0b167d4181bd88c44ab46b2) Importer(815301076,1909f56bfc062723c751e8b465ee728b)  -> (artifact id: 'fe060aae01c828a5e240cfa73f938056') in 0.005872 seconds
  Import took 0.010252 seconds .

========================================================================
Received Prepare
Registering precompiled user dll's ...
Registered in 0.002311 seconds.
Begin MonoManager ReloadAssembly
Native extension for WindowsStandalone target not found
Native extension for WebGL target not found
Refreshing native plugins compatible for Editor in 0.57 ms, found 1 plugins.
Preloading 0 native plugins for Editor in 0.00 ms.
Mono: successfully reloaded assembly
- Completed reload, in  1.151 seconds
Platform modules already initialized, skipping
Refreshing native plugins compatible for Editor in 0.58 ms, found 1 plugins.
Preloading 0 native plugins for Editor in 0.00 ms.
Unloading 1985 Unused Serialized files (Serialized files now loaded: 0)
System memory in use before: 92.1 MB.
System memory in use after: 92.1 MB.

Unloading 15 unused Assets to reduce memory usage. Loaded Objects now: 2507.
Total: 3.836200 ms (FindLiveObjects: 0.245700 ms CreateObjectMapping: 0.162000 ms MarkObjects: 3.081100 ms  DeleteObjects: 0.345600 ms)

========================================================================
Received Prepare
Registering precompiled user dll's ...
Registered in 0.004485 seconds.
Begin MonoManager ReloadAssembly
Native extension for WindowsStandalone target not found
Native extension for WebGL target not found
Refreshing native plugins compatible for Editor in 0.42 ms, found 1 plugins.
Preloading 0 native plugins for Editor in 0.00 ms.
Mono: successfully reloaded assembly
- Completed reload, in  1.088 seconds
Platform modules already initialized, skipping
Refreshing native plugins compatible for Editor in 0.43 ms, found 1 plugins.
Preloading 0 native plugins for Editor in 0.00 ms.
Unloading 1985 Unused Serialized files (Serialized files now loaded: 0)
System memory in use before: 92.2 MB.
System memory in use after: 92.1 MB.

Unloading 15 unused Assets to reduce memory usage. Loaded Objects now: 2511.
Total: 2.732400 ms (FindLiveObjects: 0.222700 ms CreateObjectMapping: 0.088500 ms MarkObjects: 2.037700 ms  DeleteObjects: 0.382100 ms)

========================================================================
Received Prepare
Registering precompiled user dll's ...
Registered in 0.002463 seconds.
Begin MonoManager ReloadAssembly
Native extension for WindowsStandalone target not found
Native extension for WebGL target not found
Refreshing native plugins compatible for Editor in 0.50 ms, found 1 plugins.
Preloading 0 native plugins for Editor in 0.00 ms.
Mono: successfully reloaded assembly
- Completed reload, in  1.087 seconds
Platform modules already initialized, skipping
Refreshing native plugins compatible for Editor in 0.45 ms, found 1 plugins.
Preloading 0 native plugins for Editor in 0.00 ms.
Unloading 1985 Unused Serialized files (Serialized files now loaded: 0)
System memory in use before: 92.2 MB.
System memory in use after: 92.1 MB.

Unloading 15 unused Assets to reduce memory usage. Loaded Objects now: 2515.
Total: 2.656100 ms (FindLiveObjects: 0.206500 ms CreateObjectMapping: 0.081700 ms MarkObjects: 2.236200 ms  DeleteObjects: 0.130200 ms)

========================================================================
Received Prepare
Registering precompiled user dll's ...
Registered in 0.002685 seconds.
Begin MonoManager ReloadAssembly
Native extension for WindowsStandalone target not found
Native extension for WebGL target not found
Refreshing native plugins compatible for Editor in 0.45 ms, found 1 plugins.
Preloading 0 native plugins for Editor in 0.00 ms.
Mono: successfully reloaded assembly
- Completed reload, in  1.139 seconds
Platform modules already initialized, skipping
Refreshing native plugins compatible for Editor in 0.43 ms, found 1 plugins.
Preloading 0 native plugins for Editor in 0.00 ms.
Unloading 1985 Unused Serialized files (Serialized files now loaded: 0)
System memory in use before: 92.2 MB.
System memory in use after: 92.1 MB.

Unloading 15 unused Assets to reduce memory usage. Loaded Objects now: 2519.
Total: 2.475900 ms (FindLiveObjects: 0.198200 ms CreateObjectMapping: 0.080700 ms MarkObjects: 2.069400 ms  DeleteObjects: 0.126000 ms)

========================================================================
Received Prepare
Registering precompiled user dll's ...
Registered in 0.002895 seconds.
Begin MonoManager ReloadAssembly
Native extension for WindowsStandalone target not found
Native extension for WebGL target not found
Refreshing native plugins compatible for Editor in 0.45 ms, found 1 plugins.
Preloading 0 native plugins for Editor in 0.00 ms.
Mono: successfully reloaded assembly
- Completed reload, in  1.166 seconds
Platform modules already initialized, skipping
Refreshing native plugins compatible for Editor in 0.43 ms, found 1 plugins.
Preloading 0 native plugins for Editor in 0.00 ms.
Unloading 1985 Unused Serialized files (Serialized files now loaded: 0)
System memory in use before: 92.2 MB.
System memory in use after: 92.2 MB.

Unloading 15 unused Assets to reduce memory usage. Loaded Objects now: 2523.
Total: 2.809100 ms (FindLiveObjects: 0.380400 ms CreateObjectMapping: 0.102300 ms MarkObjects: 2.170100 ms  DeleteObjects: 0.154900 ms)

========================================================================
Received Prepare
Registering precompiled user dll's ...
Registered in 0.002754 seconds.
Begin MonoManager ReloadAssembly
Native extension for WindowsStandalone target not found
Native extension for WebGL target not found
Refreshing native plugins compatible for Editor in 0.48 ms, found 1 plugins.
Preloading 0 native plugins for Editor in 0.00 ms.
Mono: successfully reloaded assembly
- Completed reload, in  1.534 seconds
Platform modules already initialized, skipping
Refreshing native plugins compatible for Editor in 0.47 ms, found 1 plugins.
Preloading 0 native plugins for Editor in 0.00 ms.
Unloading 1985 Unused Serialized files (Serialized files now loaded: 0)
System memory in use before: 92.2 MB.
System memory in use after: 92.2 MB.

Unloading 15 unused Assets to reduce memory usage. Loaded Objects now: 2527.
Total: 4.531100 ms (FindLiveObjects: 0.267800 ms CreateObjectMapping: 0.347700 ms MarkObjects: 3.760900 ms  DeleteObjects: 0.153000 ms)

========================================================================
Received Prepare
Registering precompiled user dll's ...
Registered in 0.002488 seconds.
Begin MonoManager ReloadAssembly
Native extension for WindowsStandalone target not found
Native extension for WebGL target not found
Refreshing native plugins compatible for Editor in 0.57 ms, found 1 plugins.
Preloading 0 native plugins for Editor in 0.00 ms.
Mono: successfully reloaded assembly
- Completed reload, in  1.093 seconds
Platform modules already initialized, skipping
Refreshing native plugins compatible for Editor in 0.45 ms, found 1 plugins.
Preloading 0 native plugins for Editor in 0.00 ms.
Unloading 1985 Unused Serialized files (Serialized files now loaded: 0)
System memory in use before: 92.2 MB.
System memory in use after: 92.2 MB.

Unloading 15 unused Assets to reduce memory usage. Loaded Objects now: 2531.
Total: 2.812700 ms (FindLiveObjects: 0.271400 ms CreateObjectMapping: 0.166900 ms MarkObjects: 2.186400 ms  DeleteObjects: 0.187000 ms)

AssetImportWorkerClient::OnTransportError - code=2 error=End of file
